Operating system: Microsoft Windows NT 6.2.9200.0
Opening INI file "C:\Users\Devon Artmeier\Desktop\s1disasm-master\SonLVL INI Files\SonLVL.ini"...
Game type is S1.
Loading Green Hill Zone Act 1...
Loading 8x8 tiles from file "../artnem/8x8 - GHZ.bin", using compression Nemesis...
Loading palette file "../palette/Sonic.bin"...
Source: 0 Destination: 0 Length: 16
Loading palette file "../palette/Green Hill Zone.bin"...
Source: 0 Destination: 16 Length: 48
Loading 16x16 blocks from file "../map16/GHZ.bin", using compression Enigma...
Loading FG layout from file "../levels/ghz1.bin", using compression Uncompressed...
Loading BG layout from file "../levels/ghzbg.bin", using compression Uncompressed...
Loading FG layout from file "../levels/ghz2.bin", using compression Uncompressed...
Loading FG layout from file "../levels/ghz3.bin", using compression Uncompressed...
Loading 256x256 chunks from file "../map256/GHZ.bin", using compression Kosinski...
Loading FG layout from file "../levels/ending.bin", using compression Uncompressed...
Loading object definition file "obj.ini".
Loading object definition file "objGHZ.ini".
Loading ObjectDefinition type S1ObjectDefinitions.Common.Ring from "Common\Ring.cs"...
Loading type from cached assembly "dllcache\S1ObjectDefinitions.Common.Ring.dll"...
Loading ObjectDefinition type S1ObjectDefinitions.Common.InvisibleBlock from "Common\InvisibleBlock.cs"...
Loading type from cached assembly "dllcache\S1ObjectDefinitions.Common.InvisibleBlock.dll"...
Loading ObjectDefinition type S1ObjectDefinitions.GHZ.Bridge from "GHZ\Bridge.cs"...
Loading type from cached assembly "dllcache\S1ObjectDefinitions.GHZ.Bridge.dll"...
Loading ObjectDefinition type S1ObjectDefinitions.GHZ.SpikedPole from "GHZ\SpikedPole.cs"...
Loading type from cached assembly "dllcache\S1ObjectDefinitions.GHZ.SpikedPole.dll"...
Loading ObjectDefinition type S1ObjectDefinitions.GHZ.SwingingPlatform from "GHZ\SwingingPlatform.cs"...
Loading type from cached assembly "dllcache\S1ObjectDefinitions.GHZ.SwingingPlatform.dll"...
Loading objects from file "../objpos/ghz1.bin", using compression Uncompressed...
Loading start position "Level Start" from file "../startpos/ghz1.bin"...
Loading start position "Credits Demo 1" from file "../startpos/ghz1 (Credits demo 1).bin"...
Loading start position "Credits Demo 2" from file "../startpos/ghz1 (Credits demo 2).bin"...
Drawing block bitmaps...
Drawing chunk bitmaps...
Load completed.
Opening INI file "C:\Users\Devon Artmeier\Documents\Happy\src\_SONLVL_\SonLVL.ini"...
Game type is S3K.
Loading Wacky Workbench...
Loading 16x16 blocks from file "../Level/Level Data/Wacky Workbench/Blocks.bin", using compression Kosinski...
Loading 8x8 tiles from file "../Level/Level Data/Wacky Workbench/Tiles.kosm.bin", using compression KosinskiM...
Loading 128x128 chunks from file "../Level/Level Data/Wacky Workbench/Chunks.bin", using compression Kosinski...
Loading layout from file "../Level/Level Data/Wacky Workbench/Layout.bin", using compression Kosinski...
Loading palette file "../Level/Level Data/Wacky Workbench/Palette.pal.bin"...
Source: 0 Destination: 0 Length: 64
Loading palette file "../Level/Level Data/Wacky Workbench/Palette (Water).pal.bin"...
Source: 0 Destination: 0 Length: 64
Loading object definition file "obj.ini".
Loading object definition file "objWWZ.ini".
Loading objects from file "../Level/Level Data/Wacky Workbench/Objects.bin", using compression Uncompressed...
Loading start position "Level Start" from file "../Level/Level Data/Wacky Workbench/Start Position.bin"...
Loading rings from file "../Level/Level Data/Wacky Workbench/Rings.bin", using compression Uncompressed...
Drawing block bitmaps...
Drawing chunk bitmaps...
Load completed.
System.ArgumentOutOfRangeException: Value of '3111' is not valid for 'Value'. 'Value' should be between 'minimum' and 'maximum'.
Parameter name: Value
   at System.Windows.Forms.ScrollBar.set_Value(Int32 value)
   at SonicRetro.SonLVL.API.TileList.ScrollToSelected() in E:\AutoBuild\SonLVL\SonLVLAPI\TileList.cs:line 358
   at SonicRetro.SonLVL.API.TileList.TileList_Resize(Object sender, EventArgs e) in E:\AutoBuild\SonLVL\SonLVLAPI\TileList.cs:line 107
   at System.Windows.Forms.Control.OnResize(EventArgs e)
   at System.Windows.Forms.UserControl.OnResize(EventArgs e)
   at System.Windows.Forms.Control.OnSizeChanged(EventArgs e)
   at System.Windows.Forms.Control.UpdateBounds(Int32 x, Int32 y, Int32 width, Int32 height, Int32 clientWidth, Int32 clientHeight)
   at System.Windows.Forms.Control.UpdateBounds()
   at System.Windows.Forms.Control.WmWindowPosChanged(Message& m)
   at System.Windows.Forms.Control.WndProc(Message& m)
   at System.Windows.Forms.ScrollableControl.WndProc(Message& m)
   at System.Windows.Forms.ContainerControl.WndProc(Message& m)
   at System.Windows.Forms.UserControl.WndProc(Message& m)
   at System.Windows.Forms.Control.ControlNativeWindow.OnMessage(Message& m)
   at System.Windows.Forms.Control.ControlNativeWindow.WndProc(Message& m)
   at System.Windows.Forms.NativeWindow.Callback(IntPtr hWnd, Int32 msg, IntPtr wparam, IntPtr lparam)
